2022-09-17 00:44:00.4970|FATAL|workspacer.Program|exception occurred, quitting workspacer: Microsoft.CodeAnalysis.Scripting.CompilationErrorException: (32,26): error CS1729: "Color" não contém um construtor que aceita 4 argumentos
   at Microsoft.CodeAnalysis.Scripting.ScriptBuilder.ThrowIfAnyCompilationErrors(DiagnosticBag diagnostics, DiagnosticFormatter formatter)
   at Microsoft.CodeAnalysis.Scripting.ScriptBuilder.CreateExecutor[T](ScriptCompiler compiler, Compilation compilation, Boolean emitDebugInformation, CancellationToken cancellationToken)
   at Microsoft.CodeAnalysis.Scripting.Script`1.GetExecutor(CancellationToken cancellationToken)
   at Microsoft.CodeAnalysis.Scripting.Script`1.RunAsync(Object globals, Func`2 catchException, CancellationToken cancellationToken)
   at Microsoft.CodeAnalysis.Scripting.Script`1.RunAsync(Object globals, CancellationToken cancellationToken)
   at Microsoft.CodeAnalysis.CSharp.Scripting.CSharpScript.RunAsync[T](String code, ScriptOptions options, Object globals, Type globalsType, CancellationToken cancellationToken)
   at Microsoft.CodeAnalysis.CSharp.Scripting.CSharpScript.EvaluateAsync[T](String code, ScriptOptions options, Object globals, Type globalsType, CancellationToken cancellationToken)
   at workspacer.ConfigHelper.DoConfig(IConfigContext context)
   at workspacer.workspacer.Start()
   at workspacer.Program.Run()
   at workspacer.Program.Main(String[] args)|Microsoft.CodeAnalysis.Scripting.CompilationErrorException: (32,26): error CS1729: "Color" não contém um construtor que aceita 4 argumentos
   at Microsoft.CodeAnalysis.Scripting.ScriptBuilder.ThrowIfAnyCompilationErrors(DiagnosticBag diagnostics, DiagnosticFormatter formatter)
   at Microsoft.CodeAnalysis.Scripting.ScriptBuilder.CreateExecutor[T](ScriptCompiler compiler, Compilation compilation, Boolean emitDebugInformation, CancellationToken cancellationToken)
   at Microsoft.CodeAnalysis.Scripting.Script`1.GetExecutor(CancellationToken cancellationToken)
   at Microsoft.CodeAnalysis.Scripting.Script`1.RunAsync(Object globals, Func`2 catchException, CancellationToken cancellationToken)
   at Microsoft.CodeAnalysis.Scripting.Script`1.RunAsync(Object globals, CancellationToken cancellationToken)
   at Microsoft.CodeAnalysis.CSharp.Scripting.CSharpScript.RunAsync[T](String code, ScriptOptions options, Object globals, Type globalsType, CancellationToken cancellationToken)
   at Microsoft.CodeAnalysis.CSharp.Scripting.CSharpScript.EvaluateAsync[T](String code, ScriptOptions options, Object globals, Type globalsType, CancellationToken cancellationToken)
   at workspacer.ConfigHelper.DoConfig(IConfigContext context)
   at workspacer.workspacer.Start()
   at workspacer.Program.Run()
   at workspacer.Program.Main(String[] args)
